Flow report for eth_sdram_dac
Sat Nov 22 16:39:12 2025
Quartus II 64-Bit Version 13.0.0 Build 156 04/24/2013 SJ Full Version


---------------------
; Table of Contents ;
---------------------
  1. Legal Notice
  2. Flow Summary
  3. Flow Settings
  4. Flow Non-Default Global Settings
  5. Flow Elapsed Time
  6. Flow OS Summary
  7. Flow Log
  8. Flow Messages
  9. Flow Suppressed Messages



----------------
; Legal Notice ;
----------------
Copyright (C) 1991-2013 Altera Corporation
Your use of Altera Corporation's design tools, logic functions 
and other software and tools, and its AMPP partner logic 
functions, and any output files from any of the foregoing 
(including device programming or simulation files), and any 
associated documentation or information are expressly subject 
to the terms and conditions of the Altera Program License 
Subscription Agreement, Altera MegaCore Function License 
Agreement, or other applicable license agreement, including, 
without limitation, that your use is for the sole purpose of 
programming logic devices manufactured by Altera and sold by 
Altera or its authorized distributors.  Please refer to the 
applicable agreement for further details.



+----------------------------------------------------------------------------------+
; Flow Summary                                                                     ;
+------------------------------------+---------------------------------------------+
; Flow Status                        ; Successful - Sat Nov 22 16:39:08 2025       ;
; Quartus II 64-Bit Version          ; 13.0.0 Build 156 04/24/2013 SJ Full Version ;
; Revision Name                      ; eth_sdram_dac                               ;
; Top-level Entity Name              ; eth_sdram_dac                               ;
; Family                             ; Cyclone IV E                                ;
; Device                             ; EP4CE10F17C8                                ;
; Timing Models                      ; Final                                       ;
; Total logic elements               ; 2,138 / 10,320 ( 21 % )                     ;
;     Total combinational functions  ; 1,668 / 10,320 ( 16 % )                     ;
;     Dedicated logic registers      ; 1,421 / 10,320 ( 14 % )                     ;
; Total registers                    ; 1433                                        ;
; Total pins                         ; 58 / 180 ( 32 % )                           ;
; Total virtual pins                 ; 0                                           ;
; Total memory bits                  ; 32,768 / 423,936 ( 8 % )                    ;
; Embedded Multiplier 9-bit elements ; 0 / 46 ( 0 % )                              ;
; Total PLLs                         ; 2 / 2 ( 100 % )                             ;
+------------------------------------+---------------------------------------------+


+-----------------------------------------+
; Flow Settings                           ;
+-------------------+---------------------+
; Option            ; Setting             ;
+-------------------+---------------------+
; Start date & time ; 11/22/2025 16:38:44 ;
; Main task         ; Compilation         ;
; Revision Name     ; eth_sdram_dac       ;
+-------------------+---------------------+


+----------------------------------------------------------------------------------------------------------------------------------------------------------------------------------+
; Flow Non-Default Global Settings                                                                                                                                                 ;
+-------------------------------------+-------------------------------------------------------------------------------------------+---------------+-------------+------------------+
; Assignment Name                     ; Value                                                                                     ; Default Value ; Entity Name ; Section Id       ;
+-------------------------------------+-------------------------------------------------------------------------------------------+---------------+-------------+------------------+
; COMPILER_SIGNATURE_ID               ; 53067943477637.176380072402012                                                            ; --            ; --          ; --               ;
; ENABLE_SIGNALTAP                    ; On                                                                                        ; --            ; --          ; --               ;
; IP_TOOL_NAME                        ; ALTPLL                                                                                    ; --            ; --          ; --               ;
; IP_TOOL_NAME                        ; ALTDDIO_OUT                                                                               ; --            ; --          ; --               ;
; IP_TOOL_NAME                        ; ALTDDIO_OUT                                                                               ; --            ; --          ; --               ;
; IP_TOOL_NAME                        ; ALTDDIO_IN                                                                                ; --            ; --          ; --               ;
; IP_TOOL_NAME                        ; ALTDDIO_IN                                                                                ; --            ; --          ; --               ;
; IP_TOOL_VERSION                     ; 13.0                                                                                      ; --            ; --          ; --               ;
; IP_TOOL_VERSION                     ; 13.0                                                                                      ; --            ; --          ; --               ;
; IP_TOOL_VERSION                     ; 13.0                                                                                      ; --            ; --          ; --               ;
; IP_TOOL_VERSION                     ; 13.0                                                                                      ; --            ; --          ; --               ;
; IP_TOOL_VERSION                     ; 13.0                                                                                      ; --            ; --          ; --               ;
; MAX_CORE_JUNCTION_TEMP              ; 85                                                                                        ; --            ; --          ; --               ;
; MIN_CORE_JUNCTION_TEMP              ; 0                                                                                         ; --            ; --          ; --               ;
; MISC_FILE                           ; ipcore/pll_clk_bb.v                                                                       ; --            ; --          ; --               ;
; MISC_FILE                           ; ipcore/pll_clk.ppf                                                                        ; --            ; --          ; --               ;
; MISC_FILE                           ; ipcore/ddo_x4.bsf                                                                         ; --            ; --          ; --               ;
; MISC_FILE                           ; ipcore/ddo_x4_inst.v                                                                      ; --            ; --          ; --               ;
; MISC_FILE                           ; ipcore/ddo_x4_bb.v                                                                        ; --            ; --          ; --               ;
; MISC_FILE                           ; ipcore/ddo_x4.inc                                                                         ; --            ; --          ; --               ;
; MISC_FILE                           ; ipcore/ddo_x4.cmp                                                                         ; --            ; --          ; --               ;
; MISC_FILE                           ; ipcore/ddo_x4.ppf                                                                         ; --            ; --          ; --               ;
; MISC_FILE                           ; ipcore/ddo_x1.bsf                                                                         ; --            ; --          ; --               ;
; MISC_FILE                           ; ipcore/ddo_x1_inst.v                                                                      ; --            ; --          ; --               ;
; MISC_FILE                           ; ipcore/ddo_x1_bb.v                                                                        ; --            ; --          ; --               ;
; MISC_FILE                           ; ipcore/ddo_x1.inc                                                                         ; --            ; --          ; --               ;
; MISC_FILE                           ; ipcore/ddo_x1.cmp                                                                         ; --            ; --          ; --               ;
; MISC_FILE                           ; ipcore/ddo_x1.ppf                                                                         ; --            ; --          ; --               ;
; MISC_FILE                           ; ipcore/ddi_x4.bsf                                                                         ; --            ; --          ; --               ;
; MISC_FILE                           ; ipcore/ddi_x4_inst.v                                                                      ; --            ; --          ; --               ;
; MISC_FILE                           ; ipcore/ddi_x4_bb.v                                                                        ; --            ; --          ; --               ;
; MISC_FILE                           ; ipcore/ddi_x4.inc                                                                         ; --            ; --          ; --               ;
; MISC_FILE                           ; ipcore/ddi_x4.cmp                                                                         ; --            ; --          ; --               ;
; MISC_FILE                           ; ipcore/ddi_x4.ppf                                                                         ; --            ; --          ; --               ;
; MISC_FILE                           ; ipcore/ddi_x1.bsf                                                                         ; --            ; --          ; --               ;
; MISC_FILE                           ; ipcore/ddi_x1_inst.v                                                                      ; --            ; --          ; --               ;
; MISC_FILE                           ; ipcore/ddi_x1_bb.v                                                                        ; --            ; --          ; --               ;
; MISC_FILE                           ; ipcore/ddi_x1.inc                                                                         ; --            ; --          ; --               ;
; MISC_FILE                           ; ipcore/ddi_x1.cmp                                                                         ; --            ; --          ; --               ;
; MISC_FILE                           ; ipcore/ddi_x1.ppf                                                                         ; --            ; --          ; --               ;
; OUTPUT_IO_TIMING_FAR_END_VMEAS      ; Half Signal Swing                                                                         ; --            ; --          ; --               ;
; OUTPUT_IO_TIMING_FAR_END_VMEAS      ; Half Signal Swing                                                                         ; --            ; --          ; --               ;
; OUTPUT_IO_TIMING_NEAR_END_VMEAS     ; Half Vccio                                                                                ; --            ; --          ; --               ;
; OUTPUT_IO_TIMING_NEAR_END_VMEAS     ; Half Vccio                                                                                ; --            ; --          ; --               ;
; PARTITION_COLOR                     ; 16764057                                                                                  ; --            ; --          ; Top              ;
; PARTITION_FITTER_PRESERVATION_LEVEL ; PLACEMENT_AND_ROUTING                                                                     ; --            ; --          ; Top              ;
; PARTITION_NETLIST_TYPE              ; SOURCE                                                                                    ; --            ; --          ; Top              ;
; POWER_BOARD_THERMAL_MODEL           ; None (CONSERVATIVE)                                                                       ; --            ; --          ; --               ;
; POWER_PRESET_COOLING_SOLUTION       ; 23 MM HEAT SINK WITH 200 LFPM AIRFLOW                                                     ; --            ; --          ; --               ;
; PROJECT_OUTPUT_DIRECTORY            ; output_files                                                                              ; --            ; --          ; --               ;
; SLD_FILE                            ; D:/quartus13.0/project/climb_intermediate_project/par/output_files/stp1_auto_stripped.stp ; --            ; --          ; --               ;
; SLD_NODE_CREATOR_ID                 ; 110                                                                                       ; --            ; --          ; auto_signaltap_0 ;
; SLD_NODE_ENTITY_NAME                ; sld_signaltap                                                                             ; --            ; --          ; auto_signaltap_0 ;
; SLD_NODE_PARAMETER_ASSIGNMENT       ; SLD_NODE_INFO=805334528                                                                   ; --            ; --          ; auto_signaltap_0 ;
; SLD_NODE_PARAMETER_ASSIGNMENT       ; SLD_POWER_UP_TRIGGER=0                                                                    ; --            ; --          ; auto_signaltap_0 ;
; SLD_NODE_PARAMETER_ASSIGNMENT       ; SLD_STORAGE_QUALIFIER_INVERSION_MASK_LENGTH=0                                             ; --            ; --          ; auto_signaltap_0 ;
; SLD_NODE_PARAMETER_ASSIGNMENT       ; SLD_ATTRIBUTE_MEM_MODE=OFF                                                                ; --            ; --          ; auto_signaltap_0 ;
; SLD_NODE_PARAMETER_ASSIGNMENT       ; SLD_STATE_FLOW_USE_GENERATED=0                                                            ; --            ; --          ; auto_signaltap_0 ;
; SLD_NODE_PARAMETER_ASSIGNMENT       ; SLD_STATE_BITS=11                                                                         ; --            ; --          ; auto_signaltap_0 ;
; SLD_NODE_PARAMETER_ASSIGNMENT       ; SLD_BUFFER_FULL_STOP=1                                                                    ; --            ; --          ; auto_signaltap_0 ;
; SLD_NODE_PARAMETER_ASSIGNMENT       ; SLD_CURRENT_RESOURCE_WIDTH=1                                                              ; --            ; --          ; auto_signaltap_0 ;
; SLD_NODE_PARAMETER_ASSIGNMENT       ; SLD_TRIGGER_LEVEL=1                                                                       ; --            ; --          ; auto_signaltap_0 ;
; SLD_NODE_PARAMETER_ASSIGNMENT       ; SLD_TRIGGER_IN_ENABLED=0                                                                  ; --            ; --          ; auto_signaltap_0 ;
; SLD_NODE_PARAMETER_ASSIGNMENT       ; SLD_ADVANCED_TRIGGER_ENTITY=basic,1,                                                      ; --            ; --          ; auto_signaltap_0 ;
; SLD_NODE_PARAMETER_ASSIGNMENT       ; SLD_TRIGGER_LEVEL_PIPELINE=1                                                              ; --            ; --          ; auto_signaltap_0 ;
; SLD_NODE_PARAMETER_ASSIGNMENT       ; SLD_ENABLE_ADVANCED_TRIGGER=0                                                             ; --            ; --          ; auto_signaltap_0 ;
; SLD_NODE_PARAMETER_ASSIGNMENT       ; SLD_SEGMENT_SIZE=2048                                                                     ; --            ; --          ; auto_signaltap_0 ;
; SLD_NODE_PARAMETER_ASSIGNMENT       ; SLD_SAMPLE_DEPTH=2048                                                                     ; --            ; --          ; auto_signaltap_0 ;
; SLD_NODE_PARAMETER_ASSIGNMENT       ; SLD_DATA_BITS=8                                                                           ; --            ; --          ; auto_signaltap_0 ;
; SLD_NODE_PARAMETER_ASSIGNMENT       ; SLD_TRIGGER_BITS=8                                                                        ; --            ; --          ; auto_signaltap_0 ;
; SLD_NODE_PARAMETER_ASSIGNMENT       ; SLD_INVERSION_MASK=0000000000000000000000000000000000000000000000000                      ; --            ; --          ; auto_signaltap_0 ;
; SLD_NODE_PARAMETER_ASSIGNMENT       ; SLD_INVERSION_MASK_LENGTH=49                                                              ; --            ; --          ; auto_signaltap_0 ;
; SLD_NODE_PARAMETER_ASSIGNMENT       ; SLD_NODE_CRC_HIWORD=21756                                                                 ; --            ; --          ; auto_signaltap_0 ;
; SLD_NODE_PARAMETER_ASSIGNMENT       ; SLD_NODE_CRC_LOWORD=38739                                                                 ; --            ; --          ; auto_signaltap_0 ;
; USE_SIGNALTAP_FILE                  ; output_files/stp1.stp                                                                     ; --            ; --          ; --               ;
+-------------------------------------+-------------------------------------------------------------------------------------------+---------------+-------------+------------------+


+-------------------------------------------------------------------------------------------------------------------------------+
; Flow Elapsed Time                                                                                                             ;
+---------------------------+--------------+-------------------------+---------------------+------------------------------------+
; Module Name               ; Elapsed Time ; Average Processors Used ; Peak Virtual Memory ; Total CPU Time (on all processors) ;
+---------------------------+--------------+-------------------------+---------------------+------------------------------------+
; Analysis & Synthesis      ; 00:00:10     ; 1.0                     ; 4728 MB             ; 00:00:09                           ;
; Fitter                    ; 00:00:12     ; 3.9                     ; 5833 MB             ; 00:00:20                           ;
; Assembler                 ; 00:00:01     ; 1.0                     ; 4561 MB             ; 00:00:01                           ;
; TimeQuest Timing Analyzer ; 00:00:03     ; 1.0                     ; 4722 MB             ; 00:00:03                           ;
; Total                     ; 00:00:26     ; --                      ; --                  ; 00:00:33                           ;
+---------------------------+--------------+-------------------------+---------------------+------------------------------------+


+----------------------------------------------------------------------------------------+
; Flow OS Summary                                                                        ;
+---------------------------+------------------+-----------+------------+----------------+
; Module Name               ; Machine Hostname ; OS Name   ; OS Version ; Processor type ;
+---------------------------+------------------+-----------+------------+----------------+
; Analysis & Synthesis      ; ӡ               ; Windows 7 ; 6.2        ; x86_64         ;
; Fitter                    ; ӡ               ; Windows 7 ; 6.2        ; x86_64         ;
; Assembler                 ; ӡ               ; Windows 7 ; 6.2        ; x86_64         ;
; TimeQuest Timing Analyzer ; ӡ               ; Windows 7 ; 6.2        ; x86_64         ;
+---------------------------+------------------+-----------+------------+----------------+


------------
; Flow Log ;
------------
quartus_map --read_settings_files=on --write_settings_files=off eth_sdram_dac -c eth_sdram_dac
quartus_fit --read_settings_files=off --write_settings_files=off eth_sdram_dac -c eth_sdram_dac
quartus_asm --read_settings_files=off --write_settings_files=off eth_sdram_dac -c eth_sdram_dac
quartus_sta eth_sdram_dac -c eth_sdram_dac



