Flow report for eth_sdram_lcd
Mon Jun 02 21:00:25 2025
Quartus II 64-Bit Version 13.0.0 Build 156 04/24/2013 SJ Full Version


---------------------
; Table of Contents ;
---------------------
  1. Legal Notice
  2. Flow Summary
  3. Flow Settings
  4. Flow Non-Default Global Settings
  5. Flow Elapsed Time
  6. Flow OS Summary
  7. Flow Log
  8. Flow Messages
  9. Flow Suppressed Messages



----------------
; Legal Notice ;
----------------
Copyright (C) 1991-2013 Altera Corporation
Your use of Altera Corporation's design tools, logic functions 
and other software and tools, and its AMPP partner logic 
functions, and any output files from any of the foregoing 
(including device programming or simulation files), and any 
associated documentation or information are expressly subject 
to the terms and conditions of the Altera Program License 
Subscription Agreement, Altera MegaCore Function License 
Agreement, or other applicable license agreement, including, 
without limitation, that your use is for the sole purpose of 
programming logic devices manufactured by Altera and sold by 
Altera or its authorized distributors.  Please refer to the 
applicable agreement for further details.



+----------------------------------------------------------------------------------+
; Flow Summary                                                                     ;
+------------------------------------+---------------------------------------------+
; Flow Status                        ; Successful - Mon Jun 02 21:00:20 2025       ;
; Quartus II 64-Bit Version          ; 13.0.0 Build 156 04/24/2013 SJ Full Version ;
; Revision Name                      ; eth_sdram_lcd                               ;
; Top-level Entity Name              ; eth_sdram_dac                               ;
; Family                             ; Cyclone IV E                                ;
; Device                             ; EP4CE10F17C8                                ;
; Timing Models                      ; Final                                       ;
; Total logic elements               ; 3,440 / 10,320 ( 33 % )                     ;
;     Total combinational functions  ; 2,334 / 10,320 ( 23 % )                     ;
;     Dedicated logic registers      ; 2,376 / 10,320 ( 23 % )                     ;
; Total registers                    ; 2388                                        ;
; Total pins                         ; 76 / 180 ( 42 % )                           ;
; Total virtual pins                 ; 0                                           ;
; Total memory bits                  ; 196,608 / 423,936 ( 46 % )                  ;
; Embedded Multiplier 9-bit elements ; 0 / 46 ( 0 % )                              ;
; Total PLLs                         ; 2 / 2 ( 100 % )                             ;
+------------------------------------+---------------------------------------------+


+-----------------------------------------+
; Flow Settings                           ;
+-------------------+---------------------+
; Option            ; Setting             ;
+-------------------+---------------------+
; Start date & time ; 06/02/2025 20:59:47 ;
; Main task         ; Compilation         ;
; Revision Name     ; eth_sdram_lcd       ;
+-------------------+---------------------+


+---------------------------------------------------------------------------------------------------------------------------------------------------------------------------------------------------------------------------------------------------------------------------------------------------------------------------------------------------------------------------------------+
; Flow Non-Default Global Settings                                                                                                                                                                                                                                                                                                                                                      ;
+-------------------------------------+----------------------------------------------------------------------------------------------------------------------------------------------------------------------------------------------------------------------------------------------------------------------------------------------+---------------+---------------+------------------+
; Assignment Name                     ; Value                                                                                                                                                                                                                                                                                        ; Default Value ; Entity Name   ; Section Id       ;
+-------------------------------------+----------------------------------------------------------------------------------------------------------------------------------------------------------------------------------------------------------------------------------------------------------------------------------------------+---------------+---------------+------------------+
; COMPILER_SIGNATURE_ID               ; 53067943477637.174886918733968                                                                                                                                                                                                                                                               ; --            ; --            ; --               ;
; ENABLE_SIGNALTAP                    ; On                                                                                                                                                                                                                                                                                           ; --            ; --            ; --               ;
; IP_TOOL_NAME                        ; ALTPLL                                                                                                                                                                                                                                                                                       ; --            ; --            ; --               ;
; IP_TOOL_NAME                        ; FIFO                                                                                                                                                                                                                                                                                         ; --            ; --            ; --               ;
; IP_TOOL_NAME                        ; ALTDDIO_OUT                                                                                                                                                                                                                                                                                  ; --            ; --            ; --               ;
; IP_TOOL_NAME                        ; ALTDDIO_OUT                                                                                                                                                                                                                                                                                  ; --            ; --            ; --               ;
; IP_TOOL_NAME                        ; ALTDDIO_IN                                                                                                                                                                                                                                                                                   ; --            ; --            ; --               ;
; IP_TOOL_NAME                        ; ALTDDIO_IN                                                                                                                                                                                                                                                                                   ; --            ; --            ; --               ;
; IP_TOOL_VERSION                     ; 13.0                                                                                                                                                                                                                                                                                         ; --            ; --            ; --               ;
; IP_TOOL_VERSION                     ; 13.0                                                                                                                                                                                                                                                                                         ; --            ; --            ; --               ;
; IP_TOOL_VERSION                     ; 13.0                                                                                                                                                                                                                                                                                         ; --            ; --            ; --               ;
; IP_TOOL_VERSION                     ; 13.0                                                                                                                                                                                                                                                                                         ; --            ; --            ; --               ;
; IP_TOOL_VERSION                     ; 13.0                                                                                                                                                                                                                                                                                         ; --            ; --            ; --               ;
; IP_TOOL_VERSION                     ; 13.0                                                                                                                                                                                                                                                                                         ; --            ; --            ; --               ;
; MAX_CORE_JUNCTION_TEMP              ; 85                                                                                                                                                                                                                                                                                           ; --            ; --            ; --               ;
; MIN_CORE_JUNCTION_TEMP              ; 0                                                                                                                                                                                                                                                                                            ; --            ; --            ; --               ;
; MISC_FILE                           ; ipcore/pll_clk_bb.v                                                                                                                                                                                                                                                                          ; --            ; --            ; --               ;
; MISC_FILE                           ; ipcore/pll_clk.ppf                                                                                                                                                                                                                                                                           ; --            ; --            ; --               ;
; MISC_FILE                           ; ipcore/sync_fifo_2048x32b_bb.v                                                                                                                                                                                                                                                               ; --            ; --            ; --               ;
; MISC_FILE                           ; ipcore/ddo_x4.bsf                                                                                                                                                                                                                                                                            ; --            ; --            ; --               ;
; MISC_FILE                           ; ipcore/ddo_x4_inst.v                                                                                                                                                                                                                                                                         ; --            ; --            ; --               ;
; MISC_FILE                           ; ipcore/ddo_x4_bb.v                                                                                                                                                                                                                                                                           ; --            ; --            ; --               ;
; MISC_FILE                           ; ipcore/ddo_x4.inc                                                                                                                                                                                                                                                                            ; --            ; --            ; --               ;
; MISC_FILE                           ; ipcore/ddo_x4.cmp                                                                                                                                                                                                                                                                            ; --            ; --            ; --               ;
; MISC_FILE                           ; ipcore/ddo_x4.ppf                                                                                                                                                                                                                                                                            ; --            ; --            ; --               ;
; MISC_FILE                           ; ipcore/ddo_x1.bsf                                                                                                                                                                                                                                                                            ; --            ; --            ; --               ;
; MISC_FILE                           ; ipcore/ddo_x1_inst.v                                                                                                                                                                                                                                                                         ; --            ; --            ; --               ;
; MISC_FILE                           ; ipcore/ddo_x1_bb.v                                                                                                                                                                                                                                                                           ; --            ; --            ; --               ;
; MISC_FILE                           ; ipcore/ddo_x1.inc                                                                                                                                                                                                                                                                            ; --            ; --            ; --               ;
; MISC_FILE                           ; ipcore/ddo_x1.cmp                                                                                                                                                                                                                                                                            ; --            ; --            ; --               ;
; MISC_FILE                           ; ipcore/ddo_x1.ppf                                                                                                                                                                                                                                                                            ; --            ; --            ; --               ;
; MISC_FILE                           ; ipcore/ddi_x4.bsf                                                                                                                                                                                                                                                                            ; --            ; --            ; --               ;
; MISC_FILE                           ; ipcore/ddi_x4_inst.v                                                                                                                                                                                                                                                                         ; --            ; --            ; --               ;
; MISC_FILE                           ; ipcore/ddi_x4_bb.v                                                                                                                                                                                                                                                                           ; --            ; --            ; --               ;
; MISC_FILE                           ; ipcore/ddi_x4.inc                                                                                                                                                                                                                                                                            ; --            ; --            ; --               ;
; MISC_FILE                           ; ipcore/ddi_x4.cmp                                                                                                                                                                                                                                                                            ; --            ; --            ; --               ;
; MISC_FILE                           ; ipcore/ddi_x4.ppf                                                                                                                                                                                                                                                                            ; --            ; --            ; --               ;
; MISC_FILE                           ; ipcore/ddi_x1.bsf                                                                                                                                                                                                                                                                            ; --            ; --            ; --               ;
; MISC_FILE                           ; ipcore/ddi_x1_inst.v                                                                                                                                                                                                                                                                         ; --            ; --            ; --               ;
; MISC_FILE                           ; ipcore/ddi_x1_bb.v                                                                                                                                                                                                                                                                           ; --            ; --            ; --               ;
; MISC_FILE                           ; ipcore/ddi_x1.inc                                                                                                                                                                                                                                                                            ; --            ; --            ; --               ;
; MISC_FILE                           ; ipcore/ddi_x1.cmp                                                                                                                                                                                                                                                                            ; --            ; --            ; --               ;
; MISC_FILE                           ; ipcore/ddi_x1.ppf                                                                                                                                                                                                                                                                            ; --            ; --            ; --               ;
; OUTPUT_IO_TIMING_FAR_END_VMEAS      ; Half Signal Swing                                                                                                                                                                                                                                                                            ; --            ; --            ; --               ;
; OUTPUT_IO_TIMING_FAR_END_VMEAS      ; Half Signal Swing                                                                                                                                                                                                                                                                            ; --            ; --            ; --               ;
; OUTPUT_IO_TIMING_NEAR_END_VMEAS     ; Half Vccio                                                                                                                                                                                                                                                                                   ; --            ; --            ; --               ;
; OUTPUT_IO_TIMING_NEAR_END_VMEAS     ; Half Vccio                                                                                                                                                                                                                                                                                   ; --            ; --            ; --               ;
; PARTITION_COLOR                     ; 16764057                                                                                                                                                                                                                                                                                     ; --            ; eth_sdram_dac ; Top              ;
; PARTITION_FITTER_PRESERVATION_LEVEL ; PLACEMENT_AND_ROUTING                                                                                                                                                                                                                                                                        ; --            ; eth_sdram_dac ; Top              ;
; PARTITION_NETLIST_TYPE              ; SOURCE                                                                                                                                                                                                                                                                                       ; --            ; eth_sdram_dac ; Top              ;
; POWER_BOARD_THERMAL_MODEL           ; None (CONSERVATIVE)                                                                                                                                                                                                                                                                          ; --            ; --            ; --               ;
; POWER_PRESET_COOLING_SOLUTION       ; 23 MM HEAT SINK WITH 200 LFPM AIRFLOW                                                                                                                                                                                                                                                        ; --            ; --            ; --               ;
; PROJECT_OUTPUT_DIRECTORY            ; output_files                                                                                                                                                                                                                                                                                 ; --            ; --            ; --               ;
; SLD_FILE                            ; D:/quartus13.0/project/eth_sdram_dac/par/output_files/stp1_auto_stripped.stp                                                                                                                                                                                                                 ; --            ; --            ; --               ;
; SLD_NODE_CREATOR_ID                 ; 110                                                                                                                                                                                                                                                                                          ; --            ; --            ; auto_signaltap_0 ;
; SLD_NODE_ENTITY_NAME                ; sld_signaltap                                                                                                                                                                                                                                                                                ; --            ; --            ; auto_signaltap_0 ;
; SLD_NODE_PARAMETER_ASSIGNMENT       ; SLD_NODE_INFO=805334528                                                                                                                                                                                                                                                                      ; --            ; --            ; auto_signaltap_0 ;
; SLD_NODE_PARAMETER_ASSIGNMENT       ; SLD_POWER_UP_TRIGGER=0                                                                                                                                                                                                                                                                       ; --            ; --            ; auto_signaltap_0 ;
; SLD_NODE_PARAMETER_ASSIGNMENT       ; SLD_STORAGE_QUALIFIER_INVERSION_MASK_LENGTH=0                                                                                                                                                                                                                                                ; --            ; --            ; auto_signaltap_0 ;
; SLD_NODE_PARAMETER_ASSIGNMENT       ; SLD_ATTRIBUTE_MEM_MODE=OFF                                                                                                                                                                                                                                                                   ; --            ; --            ; auto_signaltap_0 ;
; SLD_NODE_PARAMETER_ASSIGNMENT       ; SLD_STATE_FLOW_USE_GENERATED=0                                                                                                                                                                                                                                                               ; --            ; --            ; auto_signaltap_0 ;
; SLD_NODE_PARAMETER_ASSIGNMENT       ; SLD_STATE_BITS=11                                                                                                                                                                                                                                                                            ; --            ; --            ; auto_signaltap_0 ;
; SLD_NODE_PARAMETER_ASSIGNMENT       ; SLD_BUFFER_FULL_STOP=1                                                                                                                                                                                                                                                                       ; --            ; --            ; auto_signaltap_0 ;
; SLD_NODE_PARAMETER_ASSIGNMENT       ; SLD_CURRENT_RESOURCE_WIDTH=1                                                                                                                                                                                                                                                                 ; --            ; --            ; auto_signaltap_0 ;
; SLD_NODE_PARAMETER_ASSIGNMENT       ; SLD_TRIGGER_LEVEL=1                                                                                                                                                                                                                                                                          ; --            ; --            ; auto_signaltap_0 ;
; SLD_NODE_PARAMETER_ASSIGNMENT       ; SLD_TRIGGER_IN_ENABLED=0                                                                                                                                                                                                                                                                     ; --            ; --            ; auto_signaltap_0 ;
; SLD_NODE_PARAMETER_ASSIGNMENT       ; SLD_ADVANCED_TRIGGER_ENTITY=basic,1,                                                                                                                                                                                                                                                         ; --            ; --            ; auto_signaltap_0 ;
; SLD_NODE_PARAMETER_ASSIGNMENT       ; SLD_TRIGGER_LEVEL_PIPELINE=1                                                                                                                                                                                                                                                                 ; --            ; --            ; auto_signaltap_0 ;
; SLD_NODE_PARAMETER_ASSIGNMENT       ; SLD_ENABLE_ADVANCED_TRIGGER=0                                                                                                                                                                                                                                                                ; --            ; --            ; auto_signaltap_0 ;
; SLD_NODE_PARAMETER_ASSIGNMENT       ; SLD_SEGMENT_SIZE=2048                                                                                                                                                                                                                                                                        ; --            ; --            ; auto_signaltap_0 ;
; SLD_NODE_PARAMETER_ASSIGNMENT       ; SLD_SAMPLE_DEPTH=2048                                                                                                                                                                                                                                                                        ; --            ; --            ; auto_signaltap_0 ;
; SLD_NODE_PARAMETER_ASSIGNMENT       ; SLD_DATA_BITS=80                                                                                                                                                                                                                                                                             ; --            ; --            ; auto_signaltap_0 ;
; SLD_NODE_PARAMETER_ASSIGNMENT       ; SLD_TRIGGER_BITS=80                                                                                                                                                                                                                                                                          ; --            ; --            ; auto_signaltap_0 ;
; SLD_NODE_PARAMETER_ASSIGNMENT       ; SLD_INVERSION_MASK=0000000000000000000000000000000000000000000000000000000000000000000000000000000000000000000000000000000000000000000000000000000000000000000000000000000000000000000000000000000000000000000000000000000000000000000000000000000000000000000000000000000000000000000000000 ; --            ; --            ; auto_signaltap_0 ;
; SLD_NODE_PARAMETER_ASSIGNMENT       ; SLD_INVERSION_MASK_LENGTH=265                                                                                                                                                                                                                                                                ; --            ; --            ; auto_signaltap_0 ;
; SLD_NODE_PARAMETER_ASSIGNMENT       ; SLD_NODE_CRC_LOWORD=47213                                                                                                                                                                                                                                                                    ; --            ; --            ; auto_signaltap_0 ;
; SLD_NODE_PARAMETER_ASSIGNMENT       ; SLD_NODE_CRC_HIWORD=64525                                                                                                                                                                                                                                                                    ; --            ; --            ; auto_signaltap_0 ;
; TOP_LEVEL_ENTITY                    ; eth_sdram_dac                                                                                                                                                                                                                                                                                ; eth_sdram_lcd ; --            ; --               ;
; USE_SIGNALTAP_FILE                  ; output_files/stp1.stp                                                                                                                                                                                                                                                                        ; --            ; --            ; --               ;
+-------------------------------------+----------------------------------------------------------------------------------------------------------------------------------------------------------------------------------------------------------------------------------------------------------------------------------------------+---------------+---------------+------------------+


+-------------------------------------------------------------------------------------------------------------------------------+
; Flow Elapsed Time                                                                                                             ;
+---------------------------+--------------+-------------------------+---------------------+------------------------------------+
; Module Name               ; Elapsed Time ; Average Processors Used ; Peak Virtual Memory ; Total CPU Time (on all processors) ;
+---------------------------+--------------+-------------------------+---------------------+------------------------------------+
; Analysis & Synthesis      ; 00:00:12     ; 1.0                     ; 4743 MB             ; 00:00:12                           ;
; Fitter                    ; 00:00:15     ; 2.8                     ; 5851 MB             ; 00:00:24                           ;
; Assembler                 ; 00:00:01     ; 1.0                     ; 4564 MB             ; 00:00:01                           ;
; TimeQuest Timing Analyzer ; 00:00:04     ; 1.0                     ; 4731 MB             ; 00:00:04                           ;
; Total                     ; 00:00:32     ; --                      ; --                  ; 00:00:41                           ;
+---------------------------+--------------+-------------------------+---------------------+------------------------------------+


+----------------------------------------------------------------------------------------+
; Flow OS Summary                                                                        ;
+---------------------------+------------------+-----------+------------+----------------+
; Module Name               ; Machine Hostname ; OS Name   ; OS Version ; Processor type ;
+---------------------------+------------------+-----------+------------+----------------+
; Analysis & Synthesis      ; ӡ               ; Windows 7 ; 6.2        ; x86_64         ;
; Fitter                    ; ӡ               ; Windows 7 ; 6.2        ; x86_64         ;
; Assembler                 ; ӡ               ; Windows 7 ; 6.2        ; x86_64         ;
; TimeQuest Timing Analyzer ; ӡ               ; Windows 7 ; 6.2        ; x86_64         ;
+---------------------------+------------------+-----------+------------+----------------+


------------
; Flow Log ;
------------
quartus_map --read_settings_files=on --write_settings_files=off eth_sdram_lcd -c eth_sdram_lcd
quartus_fit --read_settings_files=off --write_settings_files=off eth_sdram_lcd -c eth_sdram_lcd
quartus_asm --read_settings_files=off --write_settings_files=off eth_sdram_lcd -c eth_sdram_lcd
quartus_sta eth_sdram_lcd -c eth_sdram_lcd



